In file included from ../src/bufferutil.cc:15:
/Users/nandanrao/Documents/Fullstack/localgram/node_modules/browser-sync/node_modules/socket.io/node_modules/engine.io/node_modules/ws/node_modules/nan/nan.h:518:3: error: unknown type name 'uv_work_t'
  uv_work_t request;
  ^
/Users/nandanrao/Documents/Fullstack/localgram/node_modules/browser-sync/node_modules/socket.io/node_modules/engine.io/node_modules/ws/node_modules/nan/nan.h:555:1: error: 'inline' can only appear on functions
inline void NanAsyncExecute (uv_work_t* req) {
^
/Users/nandanrao/Documents/Fullstack/localgram/node_modules/browser-sync/node_modules/socket.io/node_modules/engine.io/node_modules/ws/node_modules/nan/nan.h:555:13: error: variable has incomplete type 'void'
inline void NanAsyncExecute (uv_work_t* req) {
            ^
/Users/nandanrao/Documents/Fullstack/localgram/node_modules/browser-sync/node_modules/socket.io/node_modules/engine.io/node_modules/ws/node_modules/nan/nan.h:555:30: error: use of undeclared identifier 'uv_work_t'
inline void NanAsyncExecute (uv_work_t* req) {
                             ^
/Users/nandanrao/Documents/Fullstack/localgram/node_modules/browser-sync/node_modules/socket.io/node_modules/engine.io/node_modules/ws/node_modules/nan/nan.h:555:41: error: use of undeclared identifier 'req'
inline void NanAsyncExecute (uv_work_t* req) {
                                        ^
/Users/nandanrao/Documents/Fullstack/localgram/node_modules/browser-sync/node_modules/socket.io/node_modules/engine.io/node_modules/ws/node_modules/nan/nan.h:555:45: error: expected ';' after top level declarator
inline void NanAsyncExecute (uv_work_t* req) {
                                            ^
                                            ;
/Users/nandanrao/Documents/Fullstack/localgram/node_modules/browser-sync/node_modules/socket.io/node_modules/engine.io/node_modules/ws/node_modules/nan/nan.h:648:12: error: use of undeclared identifier '_nan_unbase64_table'
    while (_nan_unbase64(*src) < 0 && src < srcEnd) src++, remaining--;
           ^
/Users/nandanrao/Documents/Fullstack/localgram/node_modules/browser-sync/node_modules/socket.io/node_modules/engine.io/node_modules/ws/node_modules/nan/nan.h:632:26: note: expanded from macro '_nan_unbase64'
#define _nan_unbase64(x) _nan_unbase64_table[(uint8_t)(x)]
                         ^
/Users/nandanrao/Documents/Fullstack/localgram/node_modules/browser-sync/node_modules/socket.io/node_modules/engine.io/node_modules/ws/node_modules/nan/nan.h:650:9: error: use of undeclared identifier '_nan_unbase64_table'
    a = _nan_unbase64(*src++);
        ^
/Users/nandanrao/Documents/Fullstack/localgram/node_modules/browser-sync/node_modules/socket.io/node_modules/engine.io/node_modules/ws/node_modules/nan/nan.h:632:26: note: expanded from macro '_nan_unbase64'
#define _nan_unbase64(x) _nan_unbase64_table[(uint8_t)(x)]
                         ^
/Users/nandanrao/Documents/Fullstack/localgram/node_modules/browser-sync/node_modules/socket.io/node_modules/engine.io/node_modules/ws/node_modules/nan/nan.h:652:12: error: use of undeclared identifier '_nan_unbase64_table'
    while (_nan_unbase64(*src) < 0 && src < srcEnd) src++, remaining--;
           ^
/Users/nandanrao/Documents/Fullstack/localgram/node_modules/browser-sync/node_modules/socket.io/node_modules/engine.io/node_modules/ws/node_modules/nan/nan.h:632:26: note: expanded from macro '_nan_unbase64'
#define _nan_unbase64(x) _nan_unbase64_table[(uint8_t)(x)]
                         ^
/Users/nandanrao/Documents/Fullstack/localgram/node_modules/browser-sync/node_modules/socket.io/node_modules/engine.io/node_modules/ws/node_modules/nan/nan.h:654:9: error: use of undeclared identifier '_nan_unbase64_table'
    b = _nan_unbase64(*src++);
        ^
/Users/nandanrao/Documents/Fullstack/localgram/node_modules/browser-sync/node_modules/socket.io/node_modules/engine.io/node_modules/ws/node_modules/nan/nan.h:632:26: note: expanded from macro '_nan_unbase64'
#define _nan_unbase64(x) _nan_unbase64_table[(uint8_t)(x)]
                         ^
/Users/nandanrao/Documents/Fullstack/localgram/node_modules/browser-sync/node_modules/socket.io/node_modules/engine.io/node_modules/ws/node_modules/nan/nan.h:659:12: error: use of undeclared identifier '_nan_unbase64_table'
    while (_nan_unbase64(*src) < 0 && src < srcEnd) src++, remaining--;
           ^
/Users/nandanrao/Documents/Fullstack/localgram/node_modules/browser-sync/node_modules/socket.io/node_modules/engine.io/node_modules/ws/node_modules/nan/nan.h:632:26: note: expanded from macro '_nan_unbase64'
#define _nan_unbase64(x) _nan_unbase64_table[(uint8_t)(x)]
                         ^
/Users/nandanrao/Documents/Fullstack/localgram/node_modules/browser-sync/node_modules/socket.io/node_modules/engine.io/node_modules/ws/node_modules/nan/nan.h:661:9: error: use of undeclared identifier '_nan_unbase64_table'
    c = _nan_unbase64(*src++);
        ^
/Users/nandanrao/Documents/Fullstack/localgram/node_modules/browser-sync/node_modules/socket.io/node_modules/engine.io/node_modules/ws/node_modules/nan/nan.h:632:26: note: expanded from macro '_nan_unbase64'
#define _nan_unbase64(x) _nan_unbase64_table[(uint8_t)(x)]
                         ^
/Users/nandanrao/Documents/Fullstack/localgram/node_modules/browser-sync/node_modules/socket.io/node_modules/engine.io/node_modules/ws/node_modules/nan/nan.h:666:12: error: use of undeclared identifier '_nan_unbase64_table'
    while (_nan_unbase64(*src) < 0 && src < srcEnd) src++, remaining--;
           ^
/Users/nandanrao/Documents/Fullstack/localgram/node_modules/browser-sync/node_modules/socket.io/node_modules/engine.io/node_modules/ws/node_modules/nan/nan.h:632:26: note: expanded from macro '_nan_unbase64'
#define _nan_unbase64(x) _nan_unbase64_table[(uint8_t)(x)]
                         ^
/Users/nandanrao/Documents/Fullstack/localgram/node_modules/browser-sync/node_modules/socket.io/node_modules/engine.io/node_modules/ws/node_modules/nan/nan.h:668:9: error: use of undeclared identifier '_nan_unbase64_table'
    d = _nan_unbase64(*src++);
        ^
/Users/nandanrao/Documents/Fullstack/localgram/node_modules/browser-sync/node_modules/socket.io/node_modules/engine.io/node_modules/ws/node_modules/nan/nan.h:632:26: note: expanded from macro '_nan_unbase64'
#define _nan_unbase64(x) _nan_unbase64_table[(uint8_t)(x)]
                         ^
/Users/nandanrao/Documents/Fullstack/localgram/node_modules/browser-sync/node_modules/socket.io/node_modules/engine.io/node_modules/ws/node_modules/nan/nan.h:716:31: error: no matching function for call to 'New'
  v8::Local<v8::String> str = v8::Local<v8::String>::New(val.As<v8::String>());
                              ^~~~~~~~~~~~~~~~~~~~~~~~~~
/Users/nandanrao/.node-gyp/0.11.12/deps/v8/include/v8.h:383:29: note: candidate function template not viable: requires 2 arguments, but 1 was provided
  V8_INLINE static Local<T> New(Isolate* isolate,
                            ^
/Users/nandanrao/.node-gyp/0.11.12/deps/v8/include/v8.h:381:29: note: candidate function not viable: requires 2 arguments, but 1 was provided
  V8_INLINE static Local<T> New(Isolate* isolate, Handle<T> that);
                            ^
/Users/nandanrao/.node-gyp/0.11.12/deps/v8/include/v8.h:406:29: note: candidate function not viable: requires 2 arguments, but 1 was provided
  V8_INLINE static Local<T> New(Isolate* isolate, T* that);
                            ^
In file included from ../src/bufferutil.cc:15:
/Users/nandanrao/Documents/Fullstack/localgram/node_modules/browser-sync/node_modules/socket.io/node_modules/engine.io/node_modules/ws/node_modules/nan/nan.h:832:13: error: use of undeclared identifier '_nan_base64_decoded_size'
      sz_ = _nan_base64_decoded_size(*value, toStr->Length());
            ^
/Users/nandanrao/Documents/Fullstack/localgram/node_modules/browser-sync/node_modules/socket.io/node_modules/engine.io/node_modules/ws/node_modules/nan/nan.h:237:20: error: too many arguments to function call, expected 0, have 1
    handle.Dispose(nan_isolate);
    ~~~~~~~~~~~~~~ ^~~~~~~~~~~
/Users/nandanrao/Documents/Fullstack/localgram/node_modules/browser-sync/node_modules/socket.io/node_modules/engine.io/node_modules/ws/node_modules/nan/nan.h:498:7: note: in instantiation of function template specialization 'NanDispose<v8::Object>' requested here
      NanDispose(persistentHandle);
      ^
/Users/nandanrao/.node-gyp/0.11.12/deps/v8/include/v8.h:589:17: note: 'Dispose' declared here
                V8_INLINE void Dispose()) { Reset(); }
                ^
/Users/nandanrao/.node-gyp/0.11.12/deps/v8/include/v8config.h:302:20: note: expanded from macro 'V8_INLINE'
# define V8_INLINE inline __attribute__((always_inline))
                   ^
/Users/nandanrao/.node-gyp/0.11.12/deps/v8/include/v8config.h:333:45: note: expanded from macro 'V8_DEPRECATED'
# define V8_DEPRECATED(message, declarator) declarator
                                            ^
17 errors generated.
make: *** [Release/obj.target/bufferutil/src/bufferutil.o] Error 1
gyp ERR! build error 
gyp ERR! stack Error: `make` failed with exit code: 2
gyp ERR! stack     at ChildProcess.onExit (/usr/local/lib/node_modules/npm/node_modules/node-gyp/lib/build.js:267:23)
gyp ERR! stack     at ChildProcess.EventEmitter.emit (events.js:107:17)
gyp ERR! stack     at Process.ChildProcess._handle.onexit (child_process.js:1045:12)
gyp ERR! System Darwin 11.4.2
gyp ERR! command "node" "/usr/local/lib/node_modules/npm/node_modules/node-gyp/bin/node-gyp.js" "rebuild"
gyp ERR! cwd /Users/nandanrao/Documents/Fullstack/localgram/node_modules/browser-sync/node_modules/socket.io/node_modules/engine.io/node_modules/ws
gyp ERR! node -v v0.11.12
gyp ERR! node-gyp -v v0.12.2
gyp ERR! not ok 
